<?xml version="1.0" encoding="UTF-8"?>
<testsuite name="com.group.libraryapp.JunitTest" tests="2" skipped="0" failures="0" errors="0" timestamp="2023-11-01T13:08:37" hostname="HOBEEN" time="0.004">
  <properties/>
  <testcase name="test1()" classname="com.group.libraryapp.JunitTest" time="0.002"/>
  <testcase name="test2()" classname="com.group.libraryapp.JunitTest" time="0.001"/>
  <system-out><![CDATA[before all test
before each test
test 1
after each test
before each test
test 2
after each test
after all test
]]></system-out>
  <system-err><![CDATA[]]></system-err>
</testsuite>
